<?xml version="1.0" encoding="UTF-8"?>
<testng-results ignored="0" total="1" passed="1" failed="0" skipped="0">
  <reporter-output>
  </reporter-output>
  <suite started-at="2025-02-17T16:18:15 IST" name="CrossPlatformSuite" finished-at="2025-02-17T16:18:32 IST" duration-ms="16764">
    <groups>
    </groups>
    <test started-at="2025-02-17T16:18:15 IST" name="ChromeTest" finished-at="2025-02-17T16:18:32 IST" duration-ms="16764">
      <class name="tests.HomePageTest">
        <test-method is-config="true" signature="setupReport()[pri:0, instance:tests.HomePageTest@7ca33c24]" started-at="2025-02-17T16:18:15 IST" name="setupReport" finished-at="2025-02-17T16:18:15 IST" duration-ms="233" status="PASS">
          <reporter-output>
          </reporter-output>
        </test-method> <!-- setupReport -->
        <test-method is-config="true" signature="setUp(java.lang.String,org.testng.ITestResult)[pri:0, instance:tests.HomePageTest@7ca33c24]" started-at="2025-02-17T16:18:15 IST" name="setUp" finished-at="2025-02-17T16:18:17 IST" duration-ms="2321" status="PASS">
          <params>
            <param index="0">
              <value>
                <![CDATA[chrome]]>
              </value>
            </param>
            <param index="1">
              <value>
                <![CDATA[[TestResult name={null} status=CREATED method=HomePageTest.testYahooFinance()[pri:0, instance:tests.HomePageTest@7ca33c24] output={null}]]]>
              </value>
            </param>
          </params>
          <reporter-output>
          </reporter-output>
        </test-method> <!-- setUp -->
        <test-method is-config="true" signature="setUp()[pri:0, instance:tests.HomePageTest@7ca33c24]" started-at="2025-02-17T16:18:17 IST" name="setUp" finished-at="2025-02-17T16:18:21 IST" duration-ms="3816" status="PASS">
          <reporter-output>
          </reporter-output>
        </test-method> <!-- setUp -->
        <test-method signature="testYahooFinance()[pri:0, instance:tests.HomePageTest@7ca33c24]" started-at="2025-02-17T16:18:21 IST" name="testYahooFinance" finished-at="2025-02-17T16:18:31 IST" duration-ms="9536" status="PASS">
          <reporter-output>
          </reporter-output>
        </test-method> <!-- testYahooFinance -->
        <test-method is-config="true" signature="tearDown()[pri:0, instance:tests.HomePageTest@7ca33c24]" started-at="2025-02-17T16:18:31 IST" name="tearDown" finished-at="2025-02-17T16:18:31 IST" duration-ms="482" status="PASS">
          <reporter-output>
          </reporter-output>
        </test-method> <!-- tearDown -->
        <test-method is-config="true" signature="tearDown(org.testng.ITestResult)[pri:0, instance:tests.HomePageTest@7ca33c24]" started-at="2025-02-17T16:18:31 IST" name="tearDown" finished-at="2025-02-17T16:18:32 IST" duration-ms="594" status="PASS">
          <params>
            <param index="0">
              <value>
                <![CDATA[[TestResult name=testYahooFinance status=SUCCESS method=HomePageTest.testYahooFinance()[pri:0, instance:tests.HomePageTest@7ca33c24] output={null}]]]>
              </value>
            </param>
          </params>
          <reporter-output>
          </reporter-output>
        </test-method> <!-- tearDown -->
        <test-method is-config="true" signature="flushReport()[pri:0, instance:tests.HomePageTest@7ca33c24]" started-at="2025-02-17T16:18:32 IST" name="flushReport" finished-at="2025-02-17T16:18:33 IST" duration-ms="708" status="PASS">
          <reporter-output>
          </reporter-output>
        </test-method> <!-- flushReport -->
      </class> <!-- tests.HomePageTest -->
    </test> <!-- ChromeTest -->
  </suite> <!-- CrossPlatformSuite -->
</testng-results>
